test@gmail.com,1
test@gmail.com,2
test1@gmail.com,1
test1@gmail.com,2
test2@gmail.com,1
test2@gmail.com,2
test3@gmail.com,1
test3@gmail.com,2
test@gmail.com,3
test1@gmail.com,3
test2@gmail.com,3
test3@gmail.com,3
karims99@gmail.com,18
karims99@gmail.com,17
karims99@gmail.com,16
karims99@gmail.com,15
karims99@gmail.com,15
karims99@gmail.com,18
karims99@gmail.com,17
karims99@gmail.com,18
ks@gmail.com,18
karims99@gmail.com,18
ks@gmail.com,18
karims99@gmail.com,17
karims99@gmail.com,18
ks@gmail.com,17
karims99@gmail.com,17
ks@gmail.com,18
karims99@gmail.com,18
ks@gmail.com,17
ks@gmail.com,17
ks@gmail.com,17
ks@gmail.com,18
ks@gmail.com,17
ks@gmail.com,18
ks@gmail.com,18
123@321.com,18
123@321.com,17
